<?xml version="1.0" encoding="UTF-8"?>
<testsuite xmlns:xsi="http://www.w3.org/2001/XMLSchema-instance" xsi:noNamespaceSchemaLocation="https://maven.apache.org/surefire/maven-surefire-plugin/xsd/surefire-test-report.xsd" name="com.automationpractice.runner.TestRunner" time="170.289" tests="12" errors="0" skipped="0" failures="0">
  <properties>
[...]
</properties>
  <testcase name="Given Launch automation practice in web" classname="Scenario: Verify a user can order the Tshirt" time="0.002"/>
  <testcase name="When The user Signin with credentials" classname="Scenario: Verify a user can order the Tshirt" time="0.001"/>
  <testcase name="Then Enter email and password" classname="Scenario: Verify a user can order the Tshirt" time="0"/>
  <testcase name="And The user click on Tshirts" classname="Scenario: Verify a user can order the Tshirt" time="0"/>
  <testcase name="And Place the Order for Tshirt" classname="Scenario: Verify a user can order the Tshirt" time="0"/>
  <testcase name="Scenario: Verify a user can order the Tshirt" classname="Scenario: Verify a user can order the Tshirt" time="0.001"/>
  <testcase name="Given Launch automation practice in web" classname="Scenario: To update the personal information" time="0.001"/>
  <testcase name="When The user Signin with credentials" classname="Scenario: To update the personal information" time="0"/>
  <testcase name="Then Enter email and password" classname="Scenario: To update the personal information" time="0"/>
  <testcase name="And Update the personal information" classname="Scenario: To update the personal information" time="0"/>
  <testcase name="And Confirm personal information updated successfully" classname="Scenario: To update the personal information" time="0"/>
  <testcase name="Scenario: To update the personal information" classname="Scenario: To update the personal information" time="0"/>
</testsuite>